<?xml version="1.0" encoding="UTF-8"?>
<!-- Generated by org.testng.reporters.JUnitReportReporter -->
<testsuite hostname="DESKTOP-RS36S08" failures="0" tests="5" name="com.neotech.lesson03.Homework1" time="0.016" errors="0" timestamp="2025-07-04T23:34:12 CDT" skipped="1">
  <testcase classname="com.neotech.lesson03.Homework1" name="fourthMethod" time="0.010"/>
  <testcase classname="com.neotech.lesson03.Homework1" name="thirdMethod" time="0.002"/>
  <testcase classname="com.neotech.lesson03.Homework1" name="secondMethod" time="0.002"/>
  <testcase classname="com.neotech.lesson03.Homework1" name="firstMethod" time="0.002"/>
  <testcase classname="com.neotech.lesson03.Homework1" name="firstMethod1">
    <skipped/>
  </testcase> <!-- firstMethod1 -->
</testsuite> <!-- com.neotech.lesson03.Homework1 -->
