<?xml version="1.0" encoding="UTF-8"?>
<!-- Generated by org.testng.reporters.JUnitReportReporter -->
<testsuite hostname="Davids-MacBook-Pro.local" failures="0" tests="2" name="com.neotech.lesson02.Homework1" time="16.441" errors="0" timestamp="2025-07-02T21:59:32 CDT" skipped="0">
  <testcase classname="com.neotech.lesson02.Homework1" name="negativeLoginTest" time="5.171"/>
  <testcase classname="com.neotech.lesson02.Homework1" name="loginValidation" time="11.270"/>
</testsuite> <!-- com.neotech.lesson02.Homework1 -->
