<?xml version="1.0" encoding="UTF-8"?>
<!-- Generated by org.testng.reporters.JUnitReportReporter -->
<testsuite hostname="Davids-MacBook-Pro.local" failures="0" tests="2" name="com.neotech.lesson01.TestNGMoreAnnotations" time="0.011" errors="0" timestamp="2025-06-28T17:11:52 CDT" skipped="0">
  <testcase classname="com.neotech.lesson01.TestNGMoreAnnotations" name="testTwo" time="0.002"/>
  <testcase classname="com.neotech.lesson01.TestNGMoreAnnotations" name="testOne" time="0.009"/>
</testsuite> <!-- com.neotech.lesson01.TestNGMoreAnnotations -->
