<?xml version="1.0" encoding="UTF-8"?>
<!-- Generated by org.testng.reporters.JUnitReportReporter -->
<testsuite hostname="DESKTOP-RS36S08" failures="0" tests="3" name="com.neotech.lesson01.TitleAndLogoValidation" time="8.358" errors="0" timestamp="2025-07-05T01:20:40 CDT" skipped="1">
  <testcase classname="com.neotech.lesson01.TitleAndLogoValidation" name="logoValidation" time="2.365"/>
  <testcase classname="com.neotech.lesson01.TitleAndLogoValidation" name="loginValidation" time="5.993"/>
  <testcase classname="com.neotech.lesson01.TitleAndLogoValidation" name="titleValidation">
    <skipped/>
  </testcase> <!-- titleValidation -->
</testsuite> <!-- com.neotech.lesson01.TitleAndLogoValidation -->
