<?xml version="1.0" encoding="UTF-8"?>
<!-- Generated by org.testng.reporters.JUnitReportReporter -->
<testsuite hostname="davids-mbp.lan" failures="0" tests="1" name="com.neotech.lesson02.SoftAssertDemo" time="9.299" errors="0" timestamp="2025-07-04T21:50:05 CDT" skipped="0">
  <testcase classname="com.neotech.lesson02.SoftAssertDemo" name="logoAndLoginValidation" time="9.299"/>
</testsuite> <!-- com.neotech.lesson02.SoftAssertDemo -->
