<?xml version="1.0" encoding="UTF-8"?>
<!-- Generated by org.testng.reporters.JUnitReportReporter -->
<testsuite hostname="DESKTOP-RS36S08" failures="0" tests="3" name="com.neotech.lesson01.TestNGAnotations" time="0.016" errors="0" timestamp="2025-07-05T00:30:01 CDT" skipped="0">
  <testcase classname="com.neotech.lesson01.TestNGAnotations" name="test2" time="0.004"/>
  <testcase classname="com.neotech.lesson01.TestNGAnotations" name="test3" time="0.003"/>
  <testcase classname="com.neotech.lesson01.TestNGAnotations" name="test1" time="0.009"/>
</testsuite> <!-- com.neotech.lesson01.TestNGAnotations -->
