<?xml version="1.0" encoding="UTF-8"?>
<!-- Generated by org.testng.reporters.JUnitReportReporter -->
<testsuite hostname="davids-mbp.lan" failures="0" tests="3" name="com.neotech.lesson01.TestNGDemo" time="0.010" errors="0" timestamp="2025-06-28T11:27:30 CDT" skipped="0">
  <testcase classname="com.neotech.lesson01.TestNGDemo" name="testTwo" time="0.001"/>
  <testcase classname="com.neotech.lesson01.TestNGDemo" name="testOne" time="0.008"/>
  <testcase classname="com.neotech.lesson01.TestNGDemo" name="testThree" time="0.001"/>
</testsuite> <!-- com.neotech.lesson01.TestNGDemo -->
