<?xml version="1.0" encoding="UTF-8"?>
<!-- Generated by org.testng.reporters.JUnitReportReporter -->
<testsuite hostname="DESKTOP-RS36S08" failures="0" tests="2" name="com.neotech.lesson01.TestNGMoreAnnotations" time="0.006" errors="0" timestamp="2025-07-05T00:30:01 CDT" skipped="0">
  <testcase classname="com.neotech.lesson01.TestNGMoreAnnotations" name="testOne" time="0.003"/>
  <testcase classname="com.neotech.lesson01.TestNGMoreAnnotations" name="testTwo" time="0.003"/>
</testsuite> <!-- com.neotech.lesson01.TestNGMoreAnnotations -->
