<?xml version="1.0" encoding="UTF-8"?>
<!-- Generated by org.testng.reporters.JUnitReportReporter -->
<testsuite hostname="DESKTOP-RS36S08" failures="0" tests="2" name="com.neotech.lesson03.GroupsDemo" time="0.003" errors="0" timestamp="2025-07-05T01:20:40 CDT" skipped="0">
  <testcase classname="com.neotech.lesson03.GroupsDemo" name="test1" time="0.002"/>
  <testcase classname="com.neotech.lesson03.GroupsDemo" name="test2" time="0.001"/>
</testsuite> <!-- com.neotech.lesson03.GroupsDemo -->
