<?xml version="1.0" encoding="UTF-8"?>
<!-- Generated by org.testng.reporters.JUnitReportReporter -->
<testsuite hostname="Davids-MacBook-Pro.local" failures="0" tests="3" name="com.neotech.lesson01.TitleAndLogoValidation" time="8.751" errors="0" timestamp="2025-06-28T16:53:29 CDT" skipped="1">
  <testcase classname="com.neotech.lesson01.TitleAndLogoValidation" name="logoValidation" time="3.055"/>
  <testcase classname="com.neotech.lesson01.TitleAndLogoValidation" name="loginValidation" time="5.696"/>
  <testcase classname="com.neotech.lesson01.TitleAndLogoValidation" name="titleValidation">
    <skipped/>
  </testcase> <!-- titleValidation -->
</testsuite> <!-- com.neotech.lesson01.TitleAndLogoValidation -->
