<?xml version="1.0" encoding="UTF-8"?>
<!-- Generated by org.testng.reporters.JUnitReportReporter -->
<testsuite hostname="DESKTOP-RS36S08" failures="0" tests="1" name="com.neotech.review01.GroupsDemo" time="0.016" errors="0" timestamp="2025-07-05T19:54:01 CDT" skipped="0">
  <testcase classname="com.neotech.review01.GroupsDemo" name="smokeTest" time="0.016"/>
</testsuite> <!-- com.neotech.review01.GroupsDemo -->
