<?xml version="1.0" encoding="UTF-8"?>
<!-- Generated by org.testng.reporters.JUnitReportReporter -->
<testsuite hostname="DESKTOP-RS36S08" failures="0" tests="3" name="com.neotech.lesson03.DataProviderDemo" time="13.613" errors="0" timestamp="2025-07-04T23:54:46 CDT" skipped="0">
  <testcase classname="com.neotech.lesson03.DataProviderDemo" name="loginFunctionality" time="4.330"/>
  <testcase classname="com.neotech.lesson03.DataProviderDemo" name="loginFunctionality" time="6.772"/>
  <testcase classname="com.neotech.lesson03.DataProviderDemo" name="loginFunctionality" time="2.511"/>
</testsuite> <!-- com.neotech.lesson03.DataProviderDemo -->
