<?xml version="1.0" encoding="UTF-8"?>
<!-- Generated by org.testng.reporters.JUnitReportReporter -->
<testsuite hostname="DESKTOP-RS36S08" failures="0" tests="2" name="com.neotech.lesson01.TestNGDemo" time="0.005" errors="0" timestamp="2025-07-05T00:30:01 CDT" skipped="0">
  <testcase classname="com.neotech.lesson01.TestNGDemo" name="testThree" time="0.003"/>
  <testcase classname="com.neotech.lesson01.TestNGDemo" name="testTwo" time="0.002"/>
</testsuite> <!-- com.neotech.lesson01.TestNGDemo -->
