<?xml version="1.0" encoding="UTF-8"?>
<!-- Generated by org.testng.reporters.JUnitReportReporter -->
<testsuite hostname="Davids-MacBook-Pro.local" failures="0" tests="3" name="com.neotech.lesson01.TestNGAnotations" time="0.017" errors="0" timestamp="2025-06-28T16:08:15 CDT" skipped="0">
  <testcase classname="com.neotech.lesson01.TestNGAnotations" name="test3" time="0.002"/>
  <testcase classname="com.neotech.lesson01.TestNGAnotations" name="test1" time="0.007"/>
  <testcase classname="com.neotech.lesson01.TestNGAnotations" name="test2" time="0.008"/>
</testsuite> <!-- com.neotech.lesson01.TestNGAnotations -->
